{"level":"info","message":"::1 - - [08/Jan/2022:12:54:46 +0000] \"GET / HTTP/1.1\" 400 1382 \"-\" \"PostmanRuntime/7.28.4\"\n","timestamp":"2022-01-08T12:54:46.598Z"}
{"level":"info","message":"::1 - - [08/Jan/2022:12:55:43 +0000] \"GET /api HTTP/1.1\" 400 1382 \"-\" \"PostmanRuntime/7.28.4\"\n","timestamp":"2022-01-08T12:55:43.824Z"}
{"level":"info","message":"::1 - - [08/Jan/2022:12:57:36 +0000] \"GET /order HTTP/1.1\" 400 1382 \"-\" \"PostmanRuntime/7.28.4\"\n","timestamp":"2022-01-08T12:57:36.760Z"}
{"level":"info","message":"::1 - - [08/Jan/2022:12:58:42 +0000] \"GET / HTTP/1.1\" 400 1382 \"-\" \"PostmanRuntime/7.28.4\"\n","timestamp":"2022-01-08T12:58:42.117Z"}
{"level":"info","message":"::1 - - [08/Jan/2022:12:58:43 +0000] \"GET / HTTP/1.1\" 400 1382 \"-\" \"PostmanRuntime/7.28.4\"\n","timestamp":"2022-01-08T12:58:43.505Z"}
{"level":"info","message":"::1 - - [08/Jan/2022:12:58:58 +0000] \"GET / HTTP/1.1\" 400 1382 \"-\" \"PostmanRuntime/7.28.4\"\n","timestamp":"2022-01-08T12:58:58.641Z"}
{"level":"info","message":"::1 - - [08/Jan/2022:12:59:35 +0000] \"GET / HTTP/1.1\" 200 21 \"-\" \"PostmanRuntime/7.28.4\"\n","timestamp":"2022-01-08T12:59:35.779Z"}
{"level":"info","message":"::1 - - [08/Jan/2022:12:59:44 +0000] \"GET /orders HTTP/1.1\" 500 65 \"-\" \"PostmanRuntime/7.28.4\"\n","timestamp":"2022-01-08T12:59:44.899Z"}
{"level":"info","message":"::1 - - [08/Jan/2022:12:59:54 +0000] \"GET /order HTTP/1.1\" 404 144 \"-\" \"PostmanRuntime/7.28.4\"\n","timestamp":"2022-01-08T12:59:54.640Z"}
{"level":"info","message":"::1 - - [08/Jan/2022:12:59:57 +0000] \"GET /orders HTTP/1.1\" 500 65 \"-\" \"PostmanRuntime/7.28.4\"\n","timestamp":"2022-01-08T12:59:57.245Z"}
{"level":"info","message":"::1 - - [08/Jan/2022:17:48:35 +0000] \"GET / HTTP/1.1\" 200 21 \"-\" \"PostmanRuntime/7.28.4\"\n","timestamp":"2022-01-08T17:48:35.987Z"}
{"level":"info","message":"::1 - - [08/Jan/2022:17:48:40 +0000] \"GET /users HTTP/1.1\" 500 49 \"-\" \"PostmanRuntime/7.28.4\"\n","timestamp":"2022-01-08T17:48:40.996Z"}
{"level":"info","message":"::1 - - [08/Jan/2022:17:48:44 +0000] \"GET /user HTTP/1.1\" 404 143 \"-\" \"PostmanRuntime/7.28.4\"\n","timestamp":"2022-01-08T17:48:44.523Z"}
{"level":"info","message":"::1 - - [08/Jan/2022:17:48:48 +0000] \"GET /users HTTP/1.1\" 500 49 \"-\" \"PostmanRuntime/7.28.4\"\n","timestamp":"2022-01-08T17:48:48.066Z"}
{"level":"info","message":"::1 - - [08/Jan/2022:17:50:21 +0000] \"GET /users HTTP/1.1\" 200 768 \"-\" \"PostmanRuntime/7.28.4\"\n","timestamp":"2022-01-08T17:50:21.992Z"}
{"level":"info","message":"::1 - - [08/Jan/2022:17:50:40 +0000] \"GET /services HTTP/1.1\" 200 1666 \"-\" \"PostmanRuntime/7.28.4\"\n","timestamp":"2022-01-08T17:50:40.826Z"}
{"level":"info","message":"::1 - - [08/Jan/2022:17:53:49 +0000] \"GET /services HTTP/1.1\" 200 1666 \"-\" \"PostmanRuntime/7.28.4\"\n","timestamp":"2022-01-08T17:53:49.910Z"}
{"level":"info","message":"::1 - - [08/Jan/2022:17:53:51 +0000] \"GET /services HTTP/1.1\" 200 1666 \"-\" \"PostmanRuntime/7.28.4\"\n","timestamp":"2022-01-08T17:53:51.385Z"}
{"level":"info","message":"::1 - - [08/Jan/2022:17:53:52 +0000] \"GET /services HTTP/1.1\" 200 1666 \"-\" \"PostmanRuntime/7.28.4\"\n","timestamp":"2022-01-08T17:53:52.547Z"}
{"level":"info","message":"::1 - - [08/Jan/2022:17:53:53 +0000] \"GET /services HTTP/1.1\" 200 1666 \"-\" \"PostmanRuntime/7.28.4\"\n","timestamp":"2022-01-08T17:53:53.315Z"}
{"level":"info","message":"::1 - - [08/Jan/2022:17:53:54 +0000] \"GET /services HTTP/1.1\" 200 1666 \"-\" \"PostmanRuntime/7.28.4\"\n","timestamp":"2022-01-08T17:53:54.207Z"}
{"level":"info","message":"::1 - - [08/Jan/2022:17:53:55 +0000] \"GET /services HTTP/1.1\" 200 1666 \"-\" \"PostmanRuntime/7.28.4\"\n","timestamp":"2022-01-08T17:53:55.076Z"}
{"level":"info","message":"::1 - - [08/Jan/2022:17:54:07 +0000] \"GET /services HTTP/1.1\" 200 1666 \"-\" \"PostmanRuntime/7.28.4\"\n","timestamp":"2022-01-08T17:54:07.643Z"}
{"level":"info","message":"::1 - - [08/Jan/2022:17:54:14 +0000] \"GET /services HTTP/1.1\" 200 1666 \"-\" \"PostmanRuntime/7.28.4\"\n","timestamp":"2022-01-08T17:54:14.639Z"}
{"level":"info","message":"::1 - - [08/Jan/2022:18:05:49 +0000] \"GET /services HTTP/1.1\" 401 30 \"-\" \"PostmanRuntime/7.28.4\"\n","timestamp":"2022-01-08T18:05:49.320Z"}
{"level":"info","message":"::1 - - [08/Jan/2022:18:05:55 +0000] \"GET /users HTTP/1.1\" 401 30 \"-\" \"PostmanRuntime/7.28.4\"\n","timestamp":"2022-01-08T18:05:55.313Z"}
{"level":"info","message":"::1 - - [08/Jan/2022:18:06:01 +0000] \"GET /orders HTTP/1.1\" 401 30 \"-\" \"PostmanRuntime/7.28.4\"\n","timestamp":"2022-01-08T18:06:01.013Z"}
{"level":"info","message":"::1 - - [08/Jan/2022:18:08:39 +0000] \"POST /users/signin HTTP/1.1\" 401 30 \"-\" \"PostmanRuntime/7.28.4\"\n","timestamp":"2022-01-08T18:08:39.406Z"}
{"level":"info","message":"::1 - - [08/Jan/2022:18:08:40 +0000] \"POST /users/signin HTTP/1.1\" 401 30 \"-\" \"PostmanRuntime/7.28.4\"\n","timestamp":"2022-01-08T18:08:40.852Z"}
{"level":"info","message":"::1 - - [08/Jan/2022:18:08:41 +0000] \"POST /users/signin HTTP/1.1\" 401 30 \"-\" \"PostmanRuntime/7.28.4\"\n","timestamp":"2022-01-08T18:08:41.995Z"}
{"level":"info","message":"::1 - - [08/Jan/2022:18:08:42 +0000] \"POST /users/signin HTTP/1.1\" 401 30 \"-\" \"PostmanRuntime/7.28.4\"\n","timestamp":"2022-01-08T18:08:42.708Z"}
{"level":"info","message":"::1 - - [08/Jan/2022:18:08:43 +0000] \"POST /users/signin HTTP/1.1\" 401 30 \"-\" \"PostmanRuntime/7.28.4\"\n","timestamp":"2022-01-08T18:08:43.239Z"}
{"level":"info","message":"::1 - - [08/Jan/2022:18:08:43 +0000] \"POST /users/signin HTTP/1.1\" 401 30 \"-\" \"PostmanRuntime/7.28.4\"\n","timestamp":"2022-01-08T18:08:43.855Z"}
{"level":"info","message":"::1 - - [08/Jan/2022:18:08:44 +0000] \"POST /users/signin HTTP/1.1\" 401 30 \"-\" \"PostmanRuntime/7.28.4\"\n","timestamp":"2022-01-08T18:08:44.355Z"}
{"level":"info","message":"::1 - - [08/Jan/2022:18:08:44 +0000] \"POST /users/signin HTTP/1.1\" 401 30 \"-\" \"PostmanRuntime/7.28.4\"\n","timestamp":"2022-01-08T18:08:44.808Z"}
{"level":"info","message":"::1 - - [08/Jan/2022:18:08:45 +0000] \"POST /users/signin HTTP/1.1\" 401 30 \"-\" \"PostmanRuntime/7.28.4\"\n","timestamp":"2022-01-08T18:08:45.236Z"}
{"level":"info","message":"::1 - - [08/Jan/2022:18:08:45 +0000] \"POST /users/signin HTTP/1.1\" 401 30 \"-\" \"PostmanRuntime/7.28.4\"\n","timestamp":"2022-01-08T18:08:45.611Z"}
{"level":"info","message":"::1 - - [08/Jan/2022:18:08:45 +0000] \"POST /users/signin HTTP/1.1\" 401 30 \"-\" \"PostmanRuntime/7.28.4\"\n","timestamp":"2022-01-08T18:08:45.955Z"}
{"level":"info","message":"::1 - - [08/Jan/2022:18:08:48 +0000] \"POST /users/signin HTTP/1.1\" 401 30 \"-\" \"PostmanRuntime/7.28.4\"\n","timestamp":"2022-01-08T18:08:48.178Z"}
{"level":"info","message":"::1 - - [08/Jan/2022:18:08:49 +0000] \"POST /users/signin HTTP/1.1\" 401 30 \"-\" \"PostmanRuntime/7.28.4\"\n","timestamp":"2022-01-08T18:08:49.056Z"}
{"level":"info","message":"::1 - - [08/Jan/2022:18:08:50 +0000] \"POST /users/signin HTTP/1.1\" 401 30 \"-\" \"PostmanRuntime/7.28.4\"\n","timestamp":"2022-01-08T18:08:50.001Z"}
{"level":"info","message":"::1 - - [08/Jan/2022:18:09:18 +0000] \"POST /users/signin HTTP/1.1\" 401 30 \"-\" \"PostmanRuntime/7.28.4\"\n","timestamp":"2022-01-08T18:09:18.460Z"}
{"level":"info","message":"::1 - - [08/Jan/2022:18:09:19 +0000] \"POST /users/signin HTTP/1.1\" 401 30 \"-\" \"PostmanRuntime/7.28.4\"\n","timestamp":"2022-01-08T18:09:19.568Z"}
{"level":"info","message":"::1 - - [08/Jan/2022:18:09:20 +0000] \"POST /users/signin HTTP/1.1\" 401 30 \"-\" \"PostmanRuntime/7.28.4\"\n","timestamp":"2022-01-08T18:09:20.207Z"}
{"level":"info","message":"::1 - - [08/Jan/2022:18:09:20 +0000] \"POST /users/signin HTTP/1.1\" 401 30 \"-\" \"PostmanRuntime/7.28.4\"\n","timestamp":"2022-01-08T18:09:20.811Z"}
{"level":"info","message":"::1 - - [08/Jan/2022:18:09:21 +0000] \"POST /users/signin HTTP/1.1\" 401 30 \"-\" \"PostmanRuntime/7.28.4\"\n","timestamp":"2022-01-08T18:09:21.378Z"}
{"level":"info","message":"::1 - - [08/Jan/2022:18:09:21 +0000] \"POST /users/signin HTTP/1.1\" 401 30 \"-\" \"PostmanRuntime/7.28.4\"\n","timestamp":"2022-01-08T18:09:21.912Z"}
{"level":"info","message":"::1 - - [08/Jan/2022:18:09:22 +0000] \"POST /users/signin HTTP/1.1\" 401 30 \"-\" \"PostmanRuntime/7.28.4\"\n","timestamp":"2022-01-08T18:09:22.525Z"}
{"level":"info","message":"::1 - - [08/Jan/2022:18:09:22 +0000] \"POST /users/signin HTTP/1.1\" 401 30 \"-\" \"PostmanRuntime/7.28.4\"\n","timestamp":"2022-01-08T18:09:22.979Z"}
{"level":"info","message":"::1 - - [08/Jan/2022:18:10:40 +0000] \"POST /users/signin HTTP/1.1\" 200 1052 \"-\" \"PostmanRuntime/7.28.4\"\n","timestamp":"2022-01-08T18:10:40.979Z"}
{"level":"info","message":"::1 - - [08/Jan/2022:18:10:59 +0000] \"GET /services HTTP/1.1\" 401 30 \"-\" \"PostmanRuntime/7.28.4\"\n","timestamp":"2022-01-08T18:10:59.934Z"}
{"level":"info","message":"::1 - - [08/Jan/2022:18:11:06 +0000] \"GET /services HTTP/1.1\" 200 1666 \"-\" \"PostmanRuntime/7.28.4\"\n","timestamp":"2022-01-08T18:11:06.158Z"}
{"level":"info","message":"::1 - - [13/Jan/2022:12:59:09 +0000] \"GET /users HTTP/1.1\" 200 768 \"-\" \"PostmanRuntime/7.28.4\"\n","timestamp":"2022-01-13T12:59:09.285Z"}
{"level":"info","message":"::1 - - [13/Jan/2022:13:00:56 +0000] \"GET /users HTTP/1.1\" 200 768 \"-\" \"PostmanRuntime/7.28.4\"\n","timestamp":"2022-01-13T13:00:56.142Z"}
{"level":"info","message":"::1 - - [13/Jan/2022:13:04:06 +0000] \"GET /users HTTP/1.1\" 200 1150 \"-\" \"PostmanRuntime/7.28.4\"\n","timestamp":"2022-01-13T13:04:06.198Z"}
{"level":"info","message":"::1 - - [13/Jan/2022:13:12:25 +0000] \"GET /users HTTP/1.1\" 200 1150 \"-\" \"PostmanRuntime/7.28.4\"\n","timestamp":"2022-01-13T13:12:25.470Z"}
{"level":"info","message":"::1 - - [13/Jan/2022:13:20:33 +0000] \"GET /services HTTP/1.1\" 500 155 \"-\" \"PostmanRuntime/7.28.4\"\n","timestamp":"2022-01-13T13:20:33.199Z"}
{"level":"info","message":"::1 - - [13/Jan/2022:13:20:58 +0000] \"POST /users/signin HTTP/1.1\" 200 1052 \"-\" \"PostmanRuntime/7.28.4\"\n","timestamp":"2022-01-13T13:20:58.133Z"}
{"level":"info","message":"::1 - - [13/Jan/2022:13:21:21 +0000] \"GET /services HTTP/1.1\" 200 1666 \"-\" \"PostmanRuntime/7.28.4\"\n","timestamp":"2022-01-13T13:21:21.192Z"}
